build/app/intermediates/manifest_merge_blame_file/debug/manifest-merger-blame-debug-report.txt
1<?xml version="1.0" encoding="utf-8"?>
2<manifest xmlns:android="http://schemas.android.com/apk/res/android"
3    package="com.PDPCommittee.pdpconference"
4    android:versionCode="17"
5    android:versionName="1.0.1" >
6
7    <uses-sdk
8        android:minSdkVersion="21"
9        android:targetSdkVersion="33" />
10    <!--
11         Flutter needs it to communicate with the running application
12         to allow setting breakpoints, to provide hot reload, etc.
13    -->
14    <uses-permission android:name="android.permission.INTERNET" />
14-->src\main\AndroidManifest.xml:4:5-66
14-->src\main\AndroidManifest.xml:4:22-64
15    <uses-permission android:name="android.permission.CAMERA" />
15-->src\main\AndroidManifest.xml:5:5-64
15-->src\main\AndroidManifest.xml:5:22-62
16    <uses-permission android:name="android.permission.READ_EXTERNAL_STORAGE" />
16-->src\main\AndroidManifest.xml:6:5-80
16-->src\main\AndroidManifest.xml:6:22-77
17    <uses-permission android:name="android.permission.WRITE_EXTERNAL_STORAGE" />
17-->src\main\AndroidManifest.xml:7:5-81
17-->src\main\AndroidManifest.xml:7:22-78
18    <uses-permission android:name="android.permission.POST_NOTIFICATIONS" />
18-->src\main\AndroidManifest.xml:8:5-76
18-->src\main\AndroidManifest.xml:8:22-74
19    <uses-permission android:name="android.permission.NFC" />
19-->src\main\AndroidManifest.xml:9:5-61
19-->src\main\AndroidManifest.xml:9:22-59
20
21    <queries>
21-->[:file_picker] AndroidManifest.xml:11:5-17:15
22        <intent>
22-->[:file_picker] AndroidManifest.xml:12:9-16:18
23            <action android:name="android.intent.action.GET_CONTENT" />
23-->[:file_picker] AndroidManifest.xml:13:13-72
23-->[:file_picker] AndroidManifest.xml:13:21-69
24
25            <data android:mimeType="*/*" />
25-->src\main\AndroidManifest.xml:52:17-87
26        </intent>
27    </queries>
28
29    <uses-permission android:name="android.permission.ACCESS_NETWORK_STATE" />
29-->[com.google.firebase:firebase-auth:22.0.0] AndroidManifest.xml:26:5-79
29-->[com.google.firebase:firebase-auth:22.0.0] AndroidManifest.xml:26:22-76
30
31    <application
31-->src\main\AndroidManifest.xml:11:5-65:19
32        android:appComponentFactory="androidx.core.app.CoreComponentFactory"
32-->[androidx.core:core:1.8.0] AndroidManifest.xml:24:18-86
33        android:debuggable="true"
34        android:icon="@mipmap/ic_launcher"
34-->src\main\AndroidManifest.xml:14:9-43
35        android:label="PDP APP BACKUP"
35-->src\main\AndroidManifest.xml:12:9-39
36        android:requestLegacyExternalStorage="true" >
36-->src\main\AndroidManifest.xml:15:9-52
37        <activity
37-->src\main\AndroidManifest.xml:17:9-55:20
38            android:name="com.PDPCommittee.pdpconference.MainActivity"
38-->src\main\AndroidManifest.xml:18:13-41
39            android:configChanges="orientation|keyboardHidden|keyboard|screenSize|smallestScreenSize|locale|layoutDirection|fontScale|screenLayout|density|uiMode"
39-->src\main\AndroidManifest.xml:22:13-163
40            android:exported="true"
40-->src\main\AndroidManifest.xml:19:13-36
41            android:hardwareAccelerated="true"
41-->src\main\AndroidManifest.xml:23:13-47
42            android:launchMode="singleTop"
42-->src\main\AndroidManifest.xml:20:13-43
43            android:theme="@style/LaunchTheme"
43-->src\main\AndroidManifest.xml:21:13-47
44            android:windowSoftInputMode="adjustResize" >
44-->src\main\AndroidManifest.xml:24:13-55
45
46            <!--
47                 Specifies an Android theme to apply to this Activity as soon as
48                 the Android process has started. This theme is visible to the user
49                 while the Flutter UI initializes. After that, this theme continues
50                 to determine the Window background behind the Flutter UI.
51            -->
52            <meta-data
52-->src\main\AndroidManifest.xml:29:13-32:17
53                android:name="io.flutter.embedding.android.NormalTheme"
53-->src\main\AndroidManifest.xml:30:15-70
54                android:resource="@style/NormalTheme" />
54-->src\main\AndroidManifest.xml:31:15-52
55            <!--
56                 Displays an Android View that continues showing the launch screen
57                 Drawable until Flutter paints its first frame, then this splash
58                 screen fades out. A splash screen is useful to avoid any visual
59                 gap between the end of Android's launch screen and the painting of
60                 Flutter's first frame.
61            -->
62            <meta-data
62-->src\main\AndroidManifest.xml:38:13-41:17
63                android:name="io.flutter.embedding.android.SplashScreenDrawable"
63-->src\main\AndroidManifest.xml:39:15-79
64                android:resource="@drawable/launch_background" />
64-->src\main\AndroidManifest.xml:40:15-61
65
66            <intent-filter>
66-->src\main\AndroidManifest.xml:42:13-45:29
67                <action android:name="android.intent.action.MAIN" />
67-->src\main\AndroidManifest.xml:43:17-68
67-->src\main\AndroidManifest.xml:43:25-66
68
69                <category android:name="android.intent.category.LAUNCHER" />
69-->src\main\AndroidManifest.xml:44:17-76
69-->src\main\AndroidManifest.xml:44:27-74
70            </intent-filter>
71            <!-- Deep linking -->
72            <meta-data
72-->src\main\AndroidManifest.xml:47:13-90
73                android:name="flutter_deeplinking_enabled"
73-->src\main\AndroidManifest.xml:47:24-66
74                android:value="true" />
74-->src\main\AndroidManifest.xml:47:67-87
75
76            <intent-filter android:autoVerify="true" >
76-->src\main\AndroidManifest.xml:48:13-53:29
76-->src\main\AndroidManifest.xml:48:28-53
77                <action android:name="android.intent.action.VIEW" />
77-->src\main\AndroidManifest.xml:49:17-69
77-->src\main\AndroidManifest.xml:49:25-66
78
79                <category android:name="android.intent.category.DEFAULT" />
79-->src\main\AndroidManifest.xml:50:17-76
79-->src\main\AndroidManifest.xml:50:27-73
80                <category android:name="android.intent.category.BROWSABLE" />
80-->src\main\AndroidManifest.xml:51:17-78
80-->src\main\AndroidManifest.xml:51:27-75
81
82                <data
82-->src\main\AndroidManifest.xml:52:17-87
83                    android:host="pdpappbackup.com"
83-->src\main\AndroidManifest.xml:52:53-84
84                    android:scheme="pdpappbackup" />
84-->src\main\AndroidManifest.xml:52:23-52
85            </intent-filter>
86        </activity>
87
88        <!--
89             Don't delete the meta-data below.
90             This is used by the Flutter tool to generate GeneratedPluginRegistrant.java
91        -->
92        <meta-data
92-->src\main\AndroidManifest.xml:59:9-61:33
93            android:name="flutterEmbedding"
93-->src\main\AndroidManifest.xml:60:13-44
94            android:value="2" />
94-->src\main\AndroidManifest.xml:61:13-30
95
96        <service
96-->[:firebase_performance] AndroidManifest.xml:12:9-16:19
97            android:name="com.google.firebase.components.ComponentDiscoveryService"
97-->[:firebase_performance] AndroidManifest.xml:12:18-89
98            android:directBootAware="true"
98-->[com.google.firebase:firebase-common:20.3.2] AndroidManifest.xml:34:13-43
99            android:exported="false" >
99-->[com.google.firebase:firebase-auth:22.0.0] AndroidManifest.xml:68:13-37
100            <meta-data
100-->[:firebase_performance] AndroidManifest.xml:13:13-15:85
101                android:name="com.google.firebase.components:io.flutter.plugins.firebase.performance.FlutterFirebaseAppRegistrar"
101-->[:firebase_performance] AndroidManifest.xml:14:17-130
102                android:value="com.google.firebase.components.ComponentRegistrar" />
102-->[:firebase_performance] AndroidManifest.xml:15:17-82
103            <meta-data
103-->[:cloud_firestore] AndroidManifest.xml:11:13-13:85
104                android:name="com.google.firebase.components:io.flutter.plugins.firebase.firestore.FlutterFirebaseFirestoreRegistrar"
104-->[:cloud_firestore] AndroidManifest.xml:12:17-134
105                android:value="com.google.firebase.components.ComponentRegistrar" />
105-->[:cloud_firestore] AndroidManifest.xml:13:17-82
106            <meta-data
106-->[:firebase_auth] AndroidManifest.xml:11:13-13:85
107                android:name="com.google.firebase.components:io.flutter.plugins.firebase.auth.FlutterFirebaseAuthRegistrar"
107-->[:firebase_auth] AndroidManifest.xml:12:17-124
108                android:value="com.google.firebase.components.ComponentRegistrar" />
108-->[:firebase_auth] AndroidManifest.xml:13:17-82
109            <meta-data
109-->[:firebase_storage] AndroidManifest.xml:11:13-13:85
110                android:name="com.google.firebase.components:io.flutter.plugins.firebase.storage.FlutterFirebaseAppRegistrar"
110-->[:firebase_storage] AndroidManifest.xml:12:17-126
111                android:value="com.google.firebase.components.ComponentRegistrar" />
111-->[:firebase_storage] AndroidManifest.xml:13:17-82
112            <meta-data
112-->[:firebase_core] AndroidManifest.xml:11:13-13:85
113                android:name="com.google.firebase.components:io.flutter.plugins.firebase.core.FlutterFirebaseCoreRegistrar"
113-->[:firebase_core] AndroidManifest.xml:12:17-124
114                android:value="com.google.firebase.components.ComponentRegistrar" />
114-->[:firebase_core] AndroidManifest.xml:13:17-82
115            <meta-data
115-->[com.google.firebase:firebase-auth:22.0.0] AndroidManifest.xml:69:13-71:85
116                android:name="com.google.firebase.components:com.google.firebase.auth.FirebaseAuthRegistrar"
116-->[com.google.firebase:firebase-auth:22.0.0] AndroidManifest.xml:70:17-109
117                android:value="com.google.firebase.components.ComponentRegistrar" />
117-->[com.google.firebase:firebase-auth:22.0.0] AndroidManifest.xml:71:17-82
118            <meta-data
118-->[com.google.firebase:firebase-perf:20.3.2] AndroidManifest.xml:16:13-18:85
119                android:name="com.google.firebase.components:com.google.firebase.perf.FirebasePerfRegistrar"
119-->[com.google.firebase:firebase-perf:20.3.2] AndroidManifest.xml:17:17-109
120                android:value="com.google.firebase.components.ComponentRegistrar" />
120-->[com.google.firebase:firebase-perf:20.3.2] AndroidManifest.xml:18:17-82
121            <meta-data
121-->[com.google.firebase:firebase-firestore:24.6.0] AndroidManifest.xml:19:13-21:85
122                android:name="com.google.firebase.components:com.google.firebase.firestore.FirestoreRegistrar"
122-->[com.google.firebase:firebase-firestore:24.6.0] AndroidManifest.xml:20:17-111
123                android:value="com.google.firebase.components.ComponentRegistrar" />
123-->[com.google.firebase:firebase-firestore:24.6.0] AndroidManifest.xml:21:17-82
124            <meta-data
124-->[com.google.firebase:firebase-storage:20.2.0] AndroidManifest.xml:32:13-34:85
125                android:name="com.google.firebase.components:com.google.firebase.storage.StorageRegistrar"
125-->[com.google.firebase:firebase-storage:20.2.0] AndroidManifest.xml:33:17-107
126                android:value="com.google.firebase.components.ComponentRegistrar" />
126-->[com.google.firebase:firebase-storage:20.2.0] AndroidManifest.xml:34:17-82
127            <meta-data
127-->[com.google.firebase:firebase-datatransport:18.1.8] AndroidManifest.xml:27:13-29:85
128                android:name="com.google.firebase.components:com.google.firebase.datatransport.TransportRegistrar"
128-->[com.google.firebase:firebase-datatransport:18.1.8] AndroidManifest.xml:28:17-115
129                android:value="com.google.firebase.components.ComponentRegistrar" />
129-->[com.google.firebase:firebase-datatransport:18.1.8] AndroidManifest.xml:29:17-82
130            <meta-data
130-->[com.google.firebase:firebase-config:21.4.0] AndroidManifest.xml:31:13-33:85
131                android:name="com.google.firebase.components:com.google.firebase.remoteconfig.RemoteConfigRegistrar"
131-->[com.google.firebase:firebase-config:21.4.0] AndroidManifest.xml:32:17-117
132                android:value="com.google.firebase.components.ComponentRegistrar" />
132-->[com.google.firebase:firebase-config:21.4.0] AndroidManifest.xml:33:17-82
133            <meta-data
133-->[com.google.firebase:firebase-installations:17.1.3] AndroidManifest.xml:17:13-19:85
134                android:name="com.google.firebase.components:com.google.firebase.installations.FirebaseInstallationsRegistrar"
134-->[com.google.firebase:firebase-installations:17.1.3] AndroidManifest.xml:18:17-127
135                android:value="com.google.firebase.components.ComponentRegistrar" />
135-->[com.google.firebase:firebase-installations:17.1.3] AndroidManifest.xml:19:17-82
136            <meta-data
136-->[com.google.firebase:firebase-abt:21.1.1] AndroidManifest.xml:12:13-14:85
137                android:name="com.google.firebase.components:com.google.firebase.abt.component.AbtRegistrar"
137-->[com.google.firebase:firebase-abt:21.1.1] AndroidManifest.xml:13:17-109
138                android:value="com.google.firebase.components.ComponentRegistrar" />
138-->[com.google.firebase:firebase-abt:21.1.1] AndroidManifest.xml:14:17-82
139        </service>
140
141        <provider
141-->[:image_picker_android] AndroidManifest.xml:10:9-18:20
142            android:name="io.flutter.plugins.imagepicker.ImagePickerFileProvider"
142-->[:image_picker_android] AndroidManifest.xml:11:13-82
143            android:authorities="com.PDPCommittee.pdpconference.flutter.image_provider"
143-->[:image_picker_android] AndroidManifest.xml:12:13-74
144            android:exported="false"
144-->[:image_picker_android] AndroidManifest.xml:13:13-37
145            android:grantUriPermissions="true" >
145-->[:image_picker_android] AndroidManifest.xml:14:13-47
146            <meta-data
146-->[:image_picker_android] AndroidManifest.xml:15:13-17:75
147                android:name="android.support.FILE_PROVIDER_PATHS"
147-->[:image_picker_android] AndroidManifest.xml:16:17-67
148                android:resource="@xml/flutter_image_picker_file_paths" />
148-->[:image_picker_android] AndroidManifest.xml:17:17-72
149        </provider>
150
151        <activity
151-->[:url_launcher_android] AndroidManifest.xml:10:9-13:74
152            android:name="io.flutter.plugins.urllauncher.WebViewActivity"
152-->[:url_launcher_android] AndroidManifest.xml:11:13-74
153            android:exported="false"
153-->[:url_launcher_android] AndroidManifest.xml:12:13-37
154            android:theme="@android:style/Theme.NoTitleBar.Fullscreen" />
154-->[:url_launcher_android] AndroidManifest.xml:13:13-71
155
156        <uses-library
156-->[androidx.window:window:1.0.0-beta04] AndroidManifest.xml:25:9-27:40
157            android:name="androidx.window.extensions"
157-->[androidx.window:window:1.0.0-beta04] AndroidManifest.xml:26:13-54
158            android:required="false" />
158-->[androidx.window:window:1.0.0-beta04] AndroidManifest.xml:27:13-37
159        <uses-library
159-->[androidx.window:window:1.0.0-beta04] AndroidManifest.xml:28:9-30:40
160            android:name="androidx.window.sidecar"
160-->[androidx.window:window:1.0.0-beta04] AndroidManifest.xml:29:13-51
161            android:required="false" />
161-->[androidx.window:window:1.0.0-beta04] AndroidManifest.xml:30:13-37
162
163        <activity
163-->[com.google.firebase:firebase-auth:22.0.0] AndroidManifest.xml:29:9-46:20
164            android:name="com.google.firebase.auth.internal.GenericIdpActivity"
164-->[com.google.firebase:firebase-auth:22.0.0] AndroidManifest.xml:30:13-80
165            android:excludeFromRecents="true"
165-->[com.google.firebase:firebase-auth:22.0.0] AndroidManifest.xml:31:13-46
166            android:exported="true"
166-->[com.google.firebase:firebase-auth:22.0.0] AndroidManifest.xml:32:13-36
167            android:launchMode="singleTask"
167-->[com.google.firebase:firebase-auth:22.0.0] AndroidManifest.xml:33:13-44
168            android:theme="@android:style/Theme.Translucent.NoTitleBar" >
168-->[com.google.firebase:firebase-auth:22.0.0] AndroidManifest.xml:34:13-72
169            <intent-filter>
169-->[com.google.firebase:firebase-auth:22.0.0] AndroidManifest.xml:35:13-45:29
170                <action android:name="android.intent.action.VIEW" />
170-->src\main\AndroidManifest.xml:49:17-69
170-->src\main\AndroidManifest.xml:49:25-66
171
172                <category android:name="android.intent.category.DEFAULT" />
172-->src\main\AndroidManifest.xml:50:17-76
172-->src\main\AndroidManifest.xml:50:27-73
173                <category android:name="android.intent.category.BROWSABLE" />
173-->src\main\AndroidManifest.xml:51:17-78
173-->src\main\AndroidManifest.xml:51:27-75
174
175                <data
175-->src\main\AndroidManifest.xml:52:17-87
176                    android:host="firebase.auth"
176-->src\main\AndroidManifest.xml:52:53-84
177                    android:path="/"
178                    android:scheme="genericidp" />
178-->src\main\AndroidManifest.xml:52:23-52
179            </intent-filter>
180        </activity>
181        <activity
181-->[com.google.firebase:firebase-auth:22.0.0] AndroidManifest.xml:47:9-64:20
182            android:name="com.google.firebase.auth.internal.RecaptchaActivity"
182-->[com.google.firebase:firebase-auth:22.0.0] AndroidManifest.xml:48:13-79
183            android:excludeFromRecents="true"
183-->[com.google.firebase:firebase-auth:22.0.0] AndroidManifest.xml:49:13-46
184            android:exported="true"
184-->[com.google.firebase:firebase-auth:22.0.0] AndroidManifest.xml:50:13-36
185            android:launchMode="singleTask"
185-->[com.google.firebase:firebase-auth:22.0.0] AndroidManifest.xml:51:13-44
186            android:theme="@android:style/Theme.Translucent.NoTitleBar" >
186-->[com.google.firebase:firebase-auth:22.0.0] AndroidManifest.xml:52:13-72
187            <intent-filter>
187-->[com.google.firebase:firebase-auth:22.0.0] AndroidManifest.xml:53:13-63:29
188                <action android:name="android.intent.action.VIEW" />
188-->src\main\AndroidManifest.xml:49:17-69
188-->src\main\AndroidManifest.xml:49:25-66
189
190                <category android:name="android.intent.category.DEFAULT" />
190-->src\main\AndroidManifest.xml:50:17-76
190-->src\main\AndroidManifest.xml:50:27-73
191                <category android:name="android.intent.category.BROWSABLE" />
191-->src\main\AndroidManifest.xml:51:17-78
191-->src\main\AndroidManifest.xml:51:27-75
192
193                <data
193-->src\main\AndroidManifest.xml:52:17-87
194                    android:host="firebase.auth"
194-->src\main\AndroidManifest.xml:52:53-84
195                    android:path="/"
196                    android:scheme="recaptcha" />
196-->src\main\AndroidManifest.xml:52:23-52
197            </intent-filter>
198        </activity>
199
200        <provider
200-->[com.google.firebase:firebase-common:20.3.2] AndroidManifest.xml:25:9-30:39
201            android:name="com.google.firebase.provider.FirebaseInitProvider"
201-->[com.google.firebase:firebase-common:20.3.2] AndroidManifest.xml:26:13-77
202            android:authorities="com.PDPCommittee.pdpconference.firebaseinitprovider"
202-->[com.google.firebase:firebase-common:20.3.2] AndroidManifest.xml:27:13-72
203            android:directBootAware="true"
203-->[com.google.firebase:firebase-common:20.3.2] AndroidManifest.xml:28:13-43
204            android:exported="false"
204-->[com.google.firebase:firebase-common:20.3.2] AndroidManifest.xml:29:13-37
205            android:initOrder="100" />
205-->[com.google.firebase:firebase-common:20.3.2] AndroidManifest.xml:30:13-36
206
207        <activity
207-->[com.google.android.gms:play-services-auth:20.4.1] AndroidManifest.xml:23:9-27:75
208            android:name="com.google.android.gms.auth.api.signin.internal.SignInHubActivity"
208-->[com.google.android.gms:play-services-auth:20.4.1] AndroidManifest.xml:24:13-93
209            android:excludeFromRecents="true"
209-->[com.google.android.gms:play-services-auth:20.4.1] AndroidManifest.xml:25:13-46
210            android:exported="false"
210-->[com.google.android.gms:play-services-auth:20.4.1] AndroidManifest.xml:26:13-37
211            android:theme="@android:style/Theme.Translucent.NoTitleBar" />
211-->[com.google.android.gms:play-services-auth:20.4.1] AndroidManifest.xml:27:13-72
212        <!--
213            Service handling Google Sign-In user revocation. For apps that do not integrate with
214            Google Sign-In, this service will never be started.
215        -->
216        <service
216-->[com.google.android.gms:play-services-auth:20.4.1] AndroidManifest.xml:33:9-37:51
217            android:name="com.google.android.gms.auth.api.signin.RevocationBoundService"
217-->[com.google.android.gms:play-services-auth:20.4.1] AndroidManifest.xml:34:13-89
218            android:exported="true"
218-->[com.google.android.gms:play-services-auth:20.4.1] AndroidManifest.xml:35:13-36
219            android:permission="com.google.android.gms.auth.api.signin.permission.REVOCATION_NOTIFICATION"
219-->[com.google.android.gms:play-services-auth:20.4.1] AndroidManifest.xml:36:13-107
220            android:visibleToInstantApps="true" />
220-->[com.google.android.gms:play-services-auth:20.4.1] AndroidManifest.xml:37:13-48
221
222        <activity
222-->[com.google.android.gms:play-services-base:18.0.1] AndroidManifest.xml:20:9-22:45
223            android:name="com.google.android.gms.common.api.GoogleApiActivity"
223-->[com.google.android.gms:play-services-base:18.0.1] AndroidManifest.xml:20:19-85
224            android:exported="false"
224-->[com.google.android.gms:play-services-base:18.0.1] AndroidManifest.xml:22:19-43
225            android:theme="@android:style/Theme.Translucent.NoTitleBar" />
225-->[com.google.android.gms:play-services-base:18.0.1] AndroidManifest.xml:21:19-78
226
227        <meta-data
227-->[com.google.android.gms:play-services-basement:18.1.0] AndroidManifest.xml:21:9-23:69
228            android:name="com.google.android.gms.version"
228-->[com.google.android.gms:play-services-basement:18.1.0] AndroidManifest.xml:22:13-58
229            android:value="@integer/google_play_services_version" />
229-->[com.google.android.gms:play-services-basement:18.1.0] AndroidManifest.xml:23:13-66
230
231        <provider
231-->[androidx.lifecycle:lifecycle-process:2.3.1] AndroidManifest.xml:25:9-29:43
232            android:name="androidx.lifecycle.ProcessLifecycleOwnerInitializer"
232-->[androidx.lifecycle:lifecycle-process:2.3.1] AndroidManifest.xml:26:13-79
233            android:authorities="com.PDPCommittee.pdpconference.lifecycle-process"
233-->[androidx.lifecycle:lifecycle-process:2.3.1] AndroidManifest.xml:27:13-69
234            android:exported="false"
234-->[androidx.lifecycle:lifecycle-process:2.3.1] AndroidManifest.xml:28:13-37
235            android:multiprocess="true" />
235-->[androidx.lifecycle:lifecycle-process:2.3.1] AndroidManifest.xml:29:13-40
236
237        <service
237-->[com.google.android.datatransport:transport-backend-cct:3.1.9] AndroidManifest.xml:28:9-34:19
238            android:name="com.google.android.datatransport.runtime.backends.TransportBackendDiscovery"
238-->[com.google.android.datatransport:transport-backend-cct:3.1.9] AndroidManifest.xml:29:13-103
239            android:exported="false" >
239-->[com.google.android.datatransport:transport-backend-cct:3.1.9] AndroidManifest.xml:30:13-37
240            <meta-data
240-->[com.google.android.datatransport:transport-backend-cct:3.1.9] AndroidManifest.xml:31:13-33:39
241                android:name="backend:com.google.android.datatransport.cct.CctBackendFactory"
241-->[com.google.android.datatransport:transport-backend-cct:3.1.9] AndroidManifest.xml:32:17-94
242                android:value="cct" />
242-->[com.google.android.datatransport:transport-backend-cct:3.1.9] AndroidManifest.xml:33:17-36
243        </service>
244        <service
244-->[com.google.android.datatransport:transport-runtime:3.1.9] AndroidManifest.xml:26:9-30:19
245            android:name="com.google.android.datatransport.runtime.scheduling.jobscheduling.JobInfoSchedulerService"
245-->[com.google.android.datatransport:transport-runtime:3.1.9] AndroidManifest.xml:27:13-117
246            android:exported="false"
246-->[com.google.android.datatransport:transport-runtime:3.1.9] AndroidManifest.xml:28:13-37
247            android:permission="android.permission.BIND_JOB_SERVICE" >
247-->[com.google.android.datatransport:transport-runtime:3.1.9] AndroidManifest.xml:29:13-69
248        </service>
249
250        <receiver
250-->[com.google.android.datatransport:transport-runtime:3.1.9] AndroidManifest.xml:32:9-34:40
251            android:name="com.google.android.datatransport.runtime.scheduling.jobscheduling.AlarmManagerSchedulerBroadcastReceiver"
251-->[com.google.android.datatransport:transport-runtime:3.1.9] AndroidManifest.xml:33:13-132
252            android:exported="false" />
252-->[com.google.android.datatransport:transport-runtime:3.1.9] AndroidManifest.xml:34:13-37
253    </application>
254
255</manifest>